<?xml version="1.0" encoding="UTF-8"?>
<testng-results skipped="0" failed="0" total="1" passed="1">
  <reporter-output>
  </reporter-output>
  <suite name="Default suite" duration-ms="7204" started-at="2018-10-05T02:17:30Z" finished-at="2018-10-05T02:17:37Z">
    <groups>
    </groups>
    <test name="Default test" duration-ms="7204" started-at="2018-10-05T02:17:30Z" finished-at="2018-10-05T02:17:37Z">
      <class name="selenium_API.Topic_03_XPath_CSS">
        <test-method status="PASS" signature="beforeClass()[pri:0, instance:selenium_API.Topic_03_XPath_CSS@75412c2f]" name="beforeClass" is-config="true" duration-ms="6543" started-at="2018-10-04T19:17:30Z" finished-at="2018-10-04T19:17:36Z">
          <reporter-output>
          </reporter-output>
        </test-method> <!-- beforeClass -->
        <test-method status="PASS" signature="TC_01_Element_IsDisplayed()[pri:0, instance:selenium_API.Topic_03_XPath_CSS@75412c2f]" name="TC_01_Element_IsDisplayed" duration-ms="253" started-at="2018-10-04T19:17:36Z" finished-at="2018-10-04T19:17:37Z">
          <reporter-output>
          </reporter-output>
        </test-method> <!-- TC_01_Element_IsDisplayed -->
        <test-method status="PASS" signature="afterClass()[pri:0, instance:selenium_API.Topic_03_XPath_CSS@75412c2f]" name="afterClass" is-config="true" duration-ms="392" started-at="2018-10-04T19:17:37Z" finished-at="2018-10-04T19:17:37Z">
          <reporter-output>
          </reporter-output>
        </test-method> <!-- afterClass -->
      </class> <!-- selenium_API.Topic_03_XPath_CSS -->
    </test> <!-- Default test -->
  </suite> <!-- Default suite -->
</testng-results>
